<?xml version="1.0" encoding="UTF-8"?>
<!-- Generated by org.testng.reporters.JUnitReportReporter -->
<testsuite name="Casestudy.CaseStudy_1" tests="4" time="24.713" ignored="0" failures="0" timestamp="07 Oct 2019 06:29:20 GMT" skipped="0" hostname="CDC2-D-CJBRXJ2" errors="0">
  <testcase name="signup" time="8.046" classname="Casestudy.CaseStudy_1"/>
  <testcase name="testcart" time="6.091" classname="Casestudy.CaseStudy_1"/>
  <testcase name="testPayment" time="8.638" classname="Casestudy.CaseStudy_1"/>
  <testcase name="signin" time="1.938" classname="Casestudy.CaseStudy_1"/>
</testsuite> <!-- Casestudy.CaseStudy_1 -->
